info: ::1 - - [14/Dec/2023:09:10:23 +0000] "GET /api/v1/users HTTP/1.1" 200 65 "-" "PostmanRuntime/7.36.0"

info: ::1 - - [14/Dec/2023:09:10:37 +0000] "GET /api/v1/users HTTP/1.1" 200 65 "-" "PostmanRuntime/7.36.0"

info: ::1 - - [14/Dec/2023:09:10:39 +0000] "GET /api/v1/users HTTP/1.1" 200 65 "-" "PostmanRuntime/7.36.0"

info: ::1 - - [14/Dec/2023:09:10:55 +0000] "GET /api/v1/users HTTP/1.1" 404 47 "-" "PostmanRuntime/7.36.0"

info: ::1 - - [14/Dec/2023:09:11:03 +0000] "GET /api/v1/users HTTP/1.1" 404 47 "-" "PostmanRuntime/7.36.0"

info: ::1 - - [14/Dec/2023:09:11:05 +0000] "GET /api/v1/users HTTP/1.1" 404 47 "-" "PostmanRuntime/7.36.0"

info: ::1 - - [14/Dec/2023:09:11:31 +0000] "GET /api/v1/users HTTP/1.1" 200 65 "-" "PostmanRuntime/7.36.0"

info: ::1 - - [14/Dec/2023:09:13:50 +0000] "GET /api/v1/users/register HTTP/1.1" 404 47 "-" "PostmanRuntime/7.36.0"

info: ::1 - - [14/Dec/2023:09:14:02 +0000] "POST /api/v1/users/register HTTP/1.1" 201 178 "-" "PostmanRuntime/7.36.0"

info: ::1 - - [14/Dec/2023:09:17:18 +0000] "POST /api/v1/users/register HTTP/1.1" 500 99 "-" "PostmanRuntime/7.36.0"

info: ::1 - - [14/Dec/2023:09:18:11 +0000] "POST /api/v1/users/register HTTP/1.1" 500 99 "-" "PostmanRuntime/7.36.0"

info: ::1 - - [14/Dec/2023:09:19:17 +0000] "POST /api/v1/users/register HTTP/1.1" 500 99 "-" "PostmanRuntime/7.36.0"

info: ::1 - - [14/Dec/2023:09:20:26 +0000] "GET /api/v1/users/ HTTP/1.1" 200 185 "-" "PostmanRuntime/7.36.0"

info: ::1 - - [14/Dec/2023:09:21:43 +0000] "POST /api/v1/users/register HTTP/1.1" 500 99 "-" "PostmanRuntime/7.36.0"

info: ::1 - - [14/Dec/2023:09:22:48 +0000] "POST /api/v1/users/register HTTP/1.1" 500 99 "-" "PostmanRuntime/7.36.0"

info: ::1 - - [14/Dec/2023:09:23:57 +0000] "POST /api/v1/users/ HTTP/1.1" 404 47 "-" "PostmanRuntime/7.36.0"

info: ::1 - - [14/Dec/2023:09:24:10 +0000] "POST /api/v1/ HTTP/1.1" 404 47 "-" "PostmanRuntime/7.36.0"

info: ::1 - - [14/Dec/2023:09:24:36 +0000] "POST /api/v1/ HTTP/1.1" 404 47 "-" "PostmanRuntime/7.36.0"

info: ::1 - - [14/Dec/2023:09:24:53 +0000] "POST /api/v1/ HTTP/1.1" 404 47 "-" "PostmanRuntime/7.36.0"

info: ::1 - - [14/Dec/2023:09:31:29 +0000] "GET /api/v1/ HTTP/1.1" 200 9 "-" "PostmanRuntime/7.36.0"

info: ::1 - - [14/Dec/2023:09:31:38 +0000] "GET /api/v1/users/ HTTP/1.1" 200 185 "-" "PostmanRuntime/7.36.0"

info: ::1 - - [14/Dec/2023:09:32:50 +0000] "POST /api/v1/users/register HTTP/1.1" 500 99 "-" "PostmanRuntime/7.36.0"

info: ::1 - - [14/Dec/2023:09:33:53 +0000] "POST /api/v1/users/register HTTP/1.1" 500 99 "-" "PostmanRuntime/7.36.0"

info: ::1 - - [14/Dec/2023:09:34:16 +0000] "POST /api/v1/users/register HTTP/1.1" 500 99 "-" "PostmanRuntime/7.36.0"

info: ::1 - - [14/Dec/2023:09:34:34 +0000] "POST /api/v1/users/ HTTP/1.1" 404 47 "-" "PostmanRuntime/7.36.0"

info: ::1 - - [14/Dec/2023:09:34:51 +0000] "POST /api/v1/users/ HTTP/1.1" 500 99 "-" "PostmanRuntime/7.36.0"

info: ::1 - - [14/Dec/2023:09:40:31 +0000] "POST /api/v1/users/ HTTP/1.1" 500 53 "-" "PostmanRuntime/7.36.0"

info: ::1 - - [14/Dec/2023:09:41:59 +0000] "POST /api/v1/users/ HTTP/1.1" 400 78 "-" "PostmanRuntime/7.36.0"

info: ::1 - - [14/Dec/2023:09:44:25 +0000] "POST /api/v1/users/ HTTP/1.1" 400 78 "-" "PostmanRuntime/7.36.0"

info: ::1 - - [14/Dec/2023:09:44:45 +0000] "POST /api/v1/users/ HTTP/1.1" 400 78 "-" "PostmanRuntime/7.36.0"

info: ::1 - - [14/Dec/2023:09:45:33 +0000] "POST /api/v1/users/ HTTP/1.1" 400 78 "-" "PostmanRuntime/7.36.0"

info: ::1 - - [14/Dec/2023:09:45:50 +0000] "GET /api/v1/users/ HTTP/1.1" 200 65 "-" "PostmanRuntime/7.36.0"

info: ::1 - - [14/Dec/2023:09:45:58 +0000] "POST /api/v1/users/ HTTP/1.1" 400 78 "-" "PostmanRuntime/7.36.0"

info: ::1 - - [14/Dec/2023:09:46:11 +0000] "POST /api/v1/users/ HTTP/1.1" 400 78 "-" "PostmanRuntime/7.36.0"

info: ::1 - - [14/Dec/2023:09:46:12 +0000] "POST /api/v1/users/ HTTP/1.1" 400 78 "-" "PostmanRuntime/7.36.0"

info: ::1 - - [14/Dec/2023:09:46:14 +0000] "POST /api/v1/users/ HTTP/1.1" 400 78 "-" "PostmanRuntime/7.36.0"

info: ::1 - - [14/Dec/2023:09:46:15 +0000] "POST /api/v1/users/ HTTP/1.1" 400 78 "-" "PostmanRuntime/7.36.0"

info: ::1 - - [14/Dec/2023:09:46:15 +0000] "POST /api/v1/users/ HTTP/1.1" 400 78 "-" "PostmanRuntime/7.36.0"

info: ::1 - - [14/Dec/2023:09:46:16 +0000] "POST /api/v1/users/ HTTP/1.1" 400 78 "-" "PostmanRuntime/7.36.0"

info: ::1 - - [14/Dec/2023:09:46:18 +0000] "POST /api/v1/users/ HTTP/1.1" 400 78 "-" "PostmanRuntime/7.36.0"

info: ::1 - - [14/Dec/2023:09:46:18 +0000] "POST /api/v1/users/ HTTP/1.1" 400 78 "-" "PostmanRuntime/7.36.0"

info: ::1 - - [14/Dec/2023:09:46:19 +0000] "POST /api/v1/users/ HTTP/1.1" 400 78 "-" "PostmanRuntime/7.36.0"

info: ::1 - - [14/Dec/2023:09:46:22 +0000] "POST /api/v1/users/ HTTP/1.1" 400 78 "-" "PostmanRuntime/7.36.0"

info: ::1 - - [14/Dec/2023:09:46:22 +0000] "POST /api/v1/users/ HTTP/1.1" 400 78 "-" "PostmanRuntime/7.36.0"

info: ::1 - - [14/Dec/2023:09:46:37 +0000] "POST /api/v1/users/ HTTP/1.1" 400 78 "-" "PostmanRuntime/7.36.0"

info: ::1 - - [14/Dec/2023:09:46:42 +0000] "POST /api/v1/users/ HTTP/1.1" 400 78 "-" "PostmanRuntime/7.36.0"

info: ::1 - - [14/Dec/2023:09:46:56 +0000] "POST /api/v1/users/ HTTP/1.1" 400 78 "-" "PostmanRuntime/7.36.0"

info: ::1 - - [14/Dec/2023:09:47:46 +0000] "POST /api/v1/users/ HTTP/1.1" 400 78 "-" "PostmanRuntime/7.36.0"

info: ::1 - - [14/Dec/2023:09:47:48 +0000] "POST /api/v1/users/ HTTP/1.1" 400 78 "-" "PostmanRuntime/7.36.0"

info: ::1 - - [14/Dec/2023:09:49:27 +0000] "POST /api/v1/users/ HTTP/1.1" 201 178 "-" "PostmanRuntime/7.36.0"

info: ::1 - - [14/Dec/2023:09:50:11 +0000] "POST /api/v1/users/register HTTP/1.1" 404 47 "-" "PostmanRuntime/7.36.0"

info: ::1 - - [14/Dec/2023:09:50:34 +0000] "POST /api/v1/users/add HTTP/1.1" 404 47 "-" "PostmanRuntime/7.36.0"

info: ::1 - - [14/Dec/2023:09:50:37 +0000] "POST /api/v1/users/add HTTP/1.1" 404 47 "-" "PostmanRuntime/7.36.0"

info: ::1 - - [14/Dec/2023:09:51:40 +0000] "POST /api/v1/users/add HTTP/1.1" 201 178 "-" "PostmanRuntime/7.36.0"

info: ::1 - - [14/Dec/2023:09:52:37 +0000] "GET /favicon.ico HTTP/1.1" 404 47 "-" "Mozilla/5.0 (Windows NT 10.0; Win64; x64) AppleWebKit/537.36 (KHTML, like Gecko) Chrome/120.0.0.0 Safari/537.36"

info: ::1 - - [14/Dec/2023:09:58:40 +0000] "POST /api/v1/users/add HTTP/1.1" 201 178 "-" "PostmanRuntime/7.36.0"

info: ::1 - - [14/Dec/2023:09:58:56 +0000] "POST /api/v1/users/add HTTP/1.1" 201 178 "-" "PostmanRuntime/7.36.0"

info: ::1 - - [14/Dec/2023:10:00:00 +0000] "POST /api/v1/users/add HTTP/1.1" 400 226 "-" "PostmanRuntime/7.36.0"

info: ::1 - - [14/Dec/2023:10:03:05 +0000] "POST /api/v1/users/register HTTP/1.1" 400 226 "-" "PostmanRuntime/7.36.0"

info: ::1 - - [14/Dec/2023:10:03:10 +0000] "POST /api/v1/users/register HTTP/1.1" 400 226 "-" "PostmanRuntime/7.36.0"

info: ::1 - - [14/Dec/2023:10:04:16 +0000] "POST /api/v1/users/register HTTP/1.1" 400 226 "-" "PostmanRuntime/7.36.0"

info: ::1 - - [14/Dec/2023:10:06:59 +0000] "POST /api/v1/users/register HTTP/1.1" 400 226 "-" "PostmanRuntime/7.36.0"

info: ::1 - - [14/Dec/2023:10:07:34 +0000] "POST /api/v1/users/register HTTP/1.1" 400 226 "-" "PostmanRuntime/7.36.0"

info: ::1 - - [14/Dec/2023:10:13:36 +0000] "POST /api/v1/users/register HTTP/1.1" 400 226 "-" "PostmanRuntime/7.36.0"

info: ::1 - - [14/Dec/2023:10:15:50 +0000] "POST /api/v1/users/register HTTP/1.1" 400 226 "-" "PostmanRuntime/7.36.0"

info: ::1 - - [14/Dec/2023:10:18:11 +0000] "POST /api/v1/users/register HTTP/1.1" 400 226 "-" "PostmanRuntime/7.36.0"

info: ::1 - - [14/Dec/2023:10:18:15 +0000] "POST /api/v1/users/register HTTP/1.1" 400 226 "-" "PostmanRuntime/7.36.0"

info: ::1 - - [14/Dec/2023:10:24:26 +0000] "POST /api/v1/users/register HTTP/1.1" 201 100 "-" "PostmanRuntime/7.36.0"

info: ::1 - - [14/Dec/2023:10:26:42 +0000] "POST /api/v1/users/register HTTP/1.1" 400 226 "-" "PostmanRuntime/7.36.0"

info: ::1 - - [14/Dec/2023:10:28:00 +0000] "GET /api/v1/users/ HTTP/1.1" 200 107 "-" "PostmanRuntime/7.36.0"

info: ::1 - - [14/Dec/2023:10:29:24 +0000] "POST /api/v1/users/register HTTP/1.1" 201 204 "-" "PostmanRuntime/7.36.0"

info: ::1 - - [14/Dec/2023:10:33:42 +0000] "POST /api/v1/users/register HTTP/1.1" 201 207 "-" "PostmanRuntime/7.36.0"

info: ::1 - - [14/Dec/2023:10:34:21 +0000] "POST /api/v1/users/register HTTP/1.1" 500 90 "-" "PostmanRuntime/7.36.0"

info: ::1 - - [14/Dec/2023:10:34:55 +0000] "POST /api/v1/users/register HTTP/1.1" 500 74 "-" "PostmanRuntime/7.36.0"

info: ::1 - - [14/Dec/2023:10:35:15 +0000] "POST /api/v1/users/register HTTP/1.1" 500 89 "-" "PostmanRuntime/7.36.0"

info: ::1 - - [14/Dec/2023:10:35:30 +0000] "POST /api/v1/users/register HTTP/1.1" 500 89 "-" "PostmanRuntime/7.36.0"

info: ::1 - - [14/Dec/2023:10:35:33 +0000] "POST /api/v1/users/register HTTP/1.1" 500 89 "-" "PostmanRuntime/7.36.0"

info: ::1 - - [14/Dec/2023:10:35:50 +0000] "POST /api/v1/users/register HTTP/1.1" 500 87 "-" "PostmanRuntime/7.36.0"

info: ::1 - - [14/Dec/2023:10:35:59 +0000] "POST /api/v1/users/register HTTP/1.1" 500 89 "-" "PostmanRuntime/7.36.0"

info: ::1 - - [14/Dec/2023:10:36:06 +0000] "POST /api/v1/users/register HTTP/1.1" 201 211 "-" "PostmanRuntime/7.36.0"

info: ::1 - - [14/Dec/2023:10:39:32 +0000] "POST /api/v1/users/register HTTP/1.1" 201 211 "-" "PostmanRuntime/7.36.0"

info: ::1 - - [14/Dec/2023:10:39:37 +0000] "POST /api/v1/users/register HTTP/1.1" 201 57 "-" "PostmanRuntime/7.36.0"

info: ::1 - - [14/Dec/2023:10:40:24 +0000] "POST /api/v1/users/register HTTP/1.1" 201 57 "-" "PostmanRuntime/7.36.0"

info: ::1 - - [14/Dec/2023:10:40:27 +0000] "POST /api/v1/users/register HTTP/1.1" 201 57 "-" "PostmanRuntime/7.36.0"

info: ::1 - - [14/Dec/2023:10:41:36 +0000] "POST /api/v1/users/register HTTP/1.1" 201 57 "-" "PostmanRuntime/7.36.0"

info: ::1 - - [14/Dec/2023:10:41:39 +0000] "POST /api/v1/users/register HTTP/1.1" 201 57 "-" "PostmanRuntime/7.36.0"

info: ::1 - - [14/Dec/2023:10:41:51 +0000] "POST /api/v1/users/register HTTP/1.1" 500 74 "-" "PostmanRuntime/7.36.0"

info: ::1 - - [14/Dec/2023:10:43:36 +0000] "POST /api/v1/users/register HTTP/1.1" 500 74 "-" "PostmanRuntime/7.36.0"

info: ::1 - - [14/Dec/2023:10:43:38 +0000] "POST /api/v1/users/register HTTP/1.1" 500 74 "-" "PostmanRuntime/7.36.0"

info: ::1 - - [14/Dec/2023:10:44:07 +0000] "POST /api/v1/users/register HTTP/1.1" 500 74 "-" "PostmanRuntime/7.36.0"

info: ::1 - - [14/Dec/2023:10:44:54 +0000] "POST /api/v1/users/register HTTP/1.1" 201 106 "-" "PostmanRuntime/7.36.0"

info: ::1 - - [14/Dec/2023:10:45:26 +0000] "POST /api/v1/users/register HTTP/1.1" 201 106 "-" "PostmanRuntime/7.36.0"

info: ::1 - - [14/Dec/2023:10:45:28 +0000] "POST /api/v1/users/register HTTP/1.1" 201 106 "-" "PostmanRuntime/7.36.0"

info: ::1 - - [14/Dec/2023:10:47:30 +0000] "POST /api/v1/users/register HTTP/1.1" 201 106 "-" "PostmanRuntime/7.36.0"

info: ::1 - - [14/Dec/2023:10:48:36 +0000] "POST /api/v1/users/register HTTP/1.1" 201 106 "-" "PostmanRuntime/7.36.0"

info: ::1 - - [14/Dec/2023:10:49:01 +0000] "POST /api/v1/users/register HTTP/1.1" 201 106 "-" "PostmanRuntime/7.36.0"

info: ::1 - - [14/Dec/2023:10:49:15 +0000] "POST /api/v1/users/register HTTP/1.1" 201 106 "-" "PostmanRuntime/7.36.0"

info: ::1 - - [14/Dec/2023:10:49:38 +0000] "POST /api/v1/users/register HTTP/1.1" 201 106 "-" "PostmanRuntime/7.36.0"

info: ::1 - - [14/Dec/2023:10:49:40 +0000] "POST /api/v1/users/register HTTP/1.1" 201 106 "-" "PostmanRuntime/7.36.0"

info: ::1 - - [14/Dec/2023:10:50:48 +0000] "POST /api/v1/users/register HTTP/1.1" 201 106 "-" "PostmanRuntime/7.36.0"

info: ::1 - - [14/Dec/2023:10:51:06 +0000] "POST /api/v1/users/register HTTP/1.1" 201 43 "-" "PostmanRuntime/7.36.0"

info: ::1 - - [14/Dec/2023:10:51:38 +0000] "POST /api/v1/users/register HTTP/1.1" 201 43 "-" "PostmanRuntime/7.36.0"

info: ::1 - - [14/Dec/2023:10:54:16 +0000] "POST /api/v1/users/register HTTP/1.1" 201 43 "-" "PostmanRuntime/7.36.0"

info: ::1 - - [14/Dec/2023:10:54:18 +0000] "POST /api/v1/users/register HTTP/1.1" 201 43 "-" "PostmanRuntime/7.36.0"

info: ::1 - - [14/Dec/2023:10:55:28 +0000] "POST /api/v1/users/register HTTP/1.1" - - "-" "PostmanRuntime/7.36.0"

info: ::1 - - [14/Dec/2023:10:55:49 +0000] "POST /api/v1/users/register HTTP/1.1" - - "-" "PostmanRuntime/7.36.0"

info: ::1 - - [14/Dec/2023:10:57:39 +0000] "POST /api/v1/users/register HTTP/1.1" - - "-" "PostmanRuntime/7.36.0"

info: ::1 - - [14/Dec/2023:10:58:36 +0000] "POST /api/v1/users/register HTTP/1.1" - - "-" "PostmanRuntime/7.36.0"

info: ::1 - - [14/Dec/2023:10:58:45 +0000] "POST /api/v1/users/register HTTP/1.1" - - "-" "PostmanRuntime/7.36.0"

info: ::1 - - [14/Dec/2023:10:59:12 +0000] "POST /api/v1/users/register HTTP/1.1" 201 57 "-" "PostmanRuntime/7.36.0"

info: ::1 - - [14/Dec/2023:11:01:15 +0000] "POST /api/v1/users/register HTTP/1.1" 201 57 "-" "PostmanRuntime/7.36.0"

info: ::1 - - [14/Dec/2023:11:01:18 +0000] "POST /api/v1/users/register HTTP/1.1" 201 57 "-" "PostmanRuntime/7.36.0"

info: ::1 - - [14/Dec/2023:11:01:31 +0000] "POST /api/v1/users/register HTTP/1.1" 201 57 "-" "PostmanRuntime/7.36.0"

info: ::1 - - [14/Dec/2023:11:02:21 +0000] "POST /api/v1/users/register HTTP/1.1" 201 213 "-" "PostmanRuntime/7.36.0"

info: ::1 - - [14/Dec/2023:11:02:31 +0000] "POST /api/v1/users/register HTTP/1.1" 201 57 "-" "PostmanRuntime/7.36.0"

info: ::1 - - [14/Dec/2023:11:08:07 +0000] "POST /api/v1/users/register HTTP/1.1" 201 57 "-" "PostmanRuntime/7.36.0"

info: ::1 - - [14/Dec/2023:11:08:12 +0000] "POST /api/v1/users/register HTTP/1.1" 201 57 "-" "PostmanRuntime/7.36.0"

info: ::1 - - [14/Dec/2023:11:09:47 +0000] "POST /api/v1/users/register HTTP/1.1" 201 67 "-" "PostmanRuntime/7.36.0"

info: ::1 - - [14/Dec/2023:11:11:28 +0000] "POST /api/v1/users/register HTTP/1.1" 409 46 "-" "PostmanRuntime/7.36.0"

info: ::1 - - [14/Dec/2023:11:12:58 +0000] "POST /api/v1/users/register HTTP/1.1" 409 46 "-" "PostmanRuntime/7.36.0"

info: ::1 - - [14/Dec/2023:11:13:06 +0000] "POST /api/v1/users/register HTTP/1.1" 409 46 "-" "PostmanRuntime/7.36.0"

info: ::1 - - [14/Dec/2023:11:13:25 +0000] "POST /api/v1/users/register HTTP/1.1" 409 57 "-" "PostmanRuntime/7.36.0"

info: ::1 - - [14/Dec/2023:11:14:02 +0000] "POST /api/v1/users/register HTTP/1.1" 409 57 "-" "PostmanRuntime/7.36.0"

info: ::1 - - [14/Dec/2023:11:14:10 +0000] "POST /api/v1/users/register HTTP/1.1" 409 57 "-" "PostmanRuntime/7.36.0"

info: ::1 - - [14/Dec/2023:11:14:27 +0000] "POST /api/v1/users/register HTTP/1.1" 409 78 "-" "PostmanRuntime/7.36.0"

