info: ::1 - - [15/Dec/2023:05:16:32 +0000] "POST /api/v1/users/ HTTP/1.1" 500 60 "-" "PostmanRuntime/7.36.0"

info: ::1 - - [15/Dec/2023:05:16:44 +0000] "POST /api/v1/users/ HTTP/1.1" 500 60 "-" "PostmanRuntime/7.36.0"

info: ::1 - - [15/Dec/2023:05:17:26 +0000] "POST /api/v1/users/ HTTP/1.1" 500 60 "-" "PostmanRuntime/7.36.0"

info: ::1 - - [15/Dec/2023:05:18:19 +0000] "POST /api/v1/users/ HTTP/1.1" 500 60 "-" "PostmanRuntime/7.36.0"

info: ::1 - - [15/Dec/2023:05:18:57 +0000] "POST /api/v1/users/ HTTP/1.1" 409 78 "-" "PostmanRuntime/7.36.0"

info: ::1 - - [15/Dec/2023:05:20:03 +0000] "GET /api/v1/users/ HTTP/1.1" 404 47 "-" "PostmanRuntime/7.36.0"

info: ::1 - - [15/Dec/2023:05:20:18 +0000] "GET /api/v1/users/ HTTP/1.1" 404 47 "-" "PostmanRuntime/7.36.0"

info: ::1 - - [15/Dec/2023:05:20:20 +0000] "GET /api/v1/users/ HTTP/1.1" 404 47 "-" "PostmanRuntime/7.36.0"

info: ::1 - - [15/Dec/2023:05:20:22 +0000] "GET /api/v1/users/ HTTP/1.1" 404 47 "-" "PostmanRuntime/7.36.0"

info: ::1 - - [15/Dec/2023:05:20:27 +0000] "GET /api/v1/users/ HTTP/1.1" 404 47 "-" "PostmanRuntime/7.36.0"

info: ::1 - - [15/Dec/2023:05:20:41 +0000] "GET /api/v1/users/ HTTP/1.1" 404 47 "-" "PostmanRuntime/7.36.0"

info: ::1 - - [15/Dec/2023:05:20:51 +0000] "GET /api/v1/users/ HTTP/1.1" 404 47 "-" "PostmanRuntime/7.36.0"

info: ::1 - - [15/Dec/2023:05:20:58 +0000] "GET /api/v1/users/ HTTP/1.1" 404 47 "-" "PostmanRuntime/7.36.0"

info: ::1 - - [15/Dec/2023:05:21:15 +0000] "GET /api/v1/users/ HTTP/1.1" 200 505 "-" "PostmanRuntime/7.36.0"

info: ::1 - - [15/Dec/2023:05:21:28 +0000] "GET /api/v1/users/ HTTP/1.1" 200 505 "-" "PostmanRuntime/7.36.0"

info: ::1 - - [15/Dec/2023:05:21:42 +0000] "GET /api/v1/users/ HTTP/1.1" 200 505 "-" "PostmanRuntime/7.36.0"

info: ::1 - - [15/Dec/2023:05:23:15 +0000] "POST /api/v1/users/ HTTP/1.1" 409 78 "-" "PostmanRuntime/7.36.0"

info: ::1 - - [15/Dec/2023:05:23:32 +0000] "POST /api/v1/users/ HTTP/1.1" 400 78 "-" "PostmanRuntime/7.36.0"

info: ::1 - - [15/Dec/2023:05:29:44 +0000] "POST /api/v1/users/ HTTP/1.1" 400 78 "-" "PostmanRuntime/7.36.0"

info: ::1 - - [15/Dec/2023:05:33:31 +0000] "POST /api/v1/users/ HTTP/1.1" 400 78 "-" "PostmanRuntime/7.36.0"

info: ::1 - - [15/Dec/2023:05:33:51 +0000] "POST /api/v1/users/ HTTP/1.1" 400 78 "-" "PostmanRuntime/7.36.0"

info: ::1 - - [15/Dec/2023:05:33:56 +0000] "POST /api/v1/users/ HTTP/1.1" 400 78 "-" "PostmanRuntime/7.36.0"

info: ::1 - - [15/Dec/2023:05:34:09 +0000] "POST /api/v1/users/ HTTP/1.1" 400 78 "-" "PostmanRuntime/7.36.0"

info: ::1 - - [15/Dec/2023:05:34:33 +0000] "POST /api/v1/users/ HTTP/1.1" 500 66 "-" "PostmanRuntime/7.36.0"

info: ::1 - - [15/Dec/2023:05:34:43 +0000] "POST /api/v1/users/ HTTP/1.1" 400 78 "-" "PostmanRuntime/7.36.0"

info: ::1 - - [15/Dec/2023:05:52:44 +0000] "POST /api/v1/users/login HTTP/1.1" 409 78 "-" "PostmanRuntime/7.36.0"

info: ::1 - - [15/Dec/2023:05:55:59 +0000] "POST /api/v1/users/login HTTP/1.1" 409 78 "-" "PostmanRuntime/7.36.0"

info: ::1 - - [15/Dec/2023:05:56:53 +0000] "POST /api/v1/users/login HTTP/1.1" 409 78 "-" "PostmanRuntime/7.36.0"

info: ::1 - - [15/Dec/2023:05:57:28 +0000] "POST /api/v1/users/login HTTP/1.1" 409 78 "-" "PostmanRuntime/7.36.0"

info: ::1 - - [15/Dec/2023:05:57:40 +0000] "POST /api/v1/users/login HTTP/1.1" 409 78 "-" "PostmanRuntime/7.36.0"

info: ::1 - - [15/Dec/2023:05:58:04 +0000] "POST /api/v1/users/login HTTP/1.1" 409 78 "-" "PostmanRuntime/7.36.0"

info: ::1 - - [15/Dec/2023:05:58:46 +0000] "POST /api/v1/users/login HTTP/1.1" 409 78 "-" "PostmanRuntime/7.36.0"

info: ::1 - - [15/Dec/2023:05:58:52 +0000] "POST /api/v1/users/login HTTP/1.1" 409 78 "-" "PostmanRuntime/7.36.0"

info: ::1 - - [15/Dec/2023:05:59:16 +0000] "POST /api/v1/users/login HTTP/1.1" 409 78 "-" "PostmanRuntime/7.36.0"

info: ::1 - - [15/Dec/2023:05:59:34 +0000] "POST /api/v1/users/login HTTP/1.1" 409 78 "-" "PostmanRuntime/7.36.0"

info: ::1 - - [15/Dec/2023:05:59:58 +0000] "POST /api/v1/users/login/ HTTP/1.1" 409 78 "-" "PostmanRuntime/7.36.0"

info: ::1 - - [15/Dec/2023:06:00:26 +0000] "POST /api/v1/users/login/ HTTP/1.1" 409 78 "-" "PostmanRuntime/7.36.0"

info: ::1 - - [15/Dec/2023:06:00:33 +0000] "POST /api/v1/users/login/ HTTP/1.1" 409 78 "-" "PostmanRuntime/7.36.0"

info: ::1 - - [15/Dec/2023:06:01:09 +0000] "POST /api/v1/users/login/ HTTP/1.1" 409 78 "-" "PostmanRuntime/7.36.0"

info: ::1 - - [15/Dec/2023:06:01:59 +0000] "POST /api/v1/users/ HTTP/1.1" 400 78 "-" "PostmanRuntime/7.36.0"

info: ::1 - - [15/Dec/2023:06:02:16 +0000] "POST /api/v1/users/ HTTP/1.1" 400 78 "-" "PostmanRuntime/7.36.0"

info: ::1 - - [15/Dec/2023:06:02:38 +0000] "POST /api/v1/users/login/ HTTP/1.1" 409 78 "-" "PostmanRuntime/7.36.0"

info: ::1 - - [15/Dec/2023:06:03:11 +0000] "POST /api/v1/users/login/ HTTP/1.1" 409 78 "-" "PostmanRuntime/7.36.0"

info: ::1 - - [15/Dec/2023:06:09:10 +0000] "POST /api/v1/users/login/ HTTP/1.1" 409 78 "-" "PostmanRuntime/7.36.0"

info: ::1 - - [15/Dec/2023:06:11:41 +0000] "POST /api/v1/users/login HTTP/1.1" 409 78 "-" "PostmanRuntime/7.36.0"

info: ::1 - - [15/Dec/2023:06:13:04 +0000] "POST /api/v1/users/Login HTTP/1.1" 409 78 "-" "PostmanRuntime/7.36.0"

info: ::1 - - [15/Dec/2023:06:13:47 +0000] "POST /api/v1/users/Login HTTP/1.1" 409 78 "-" "PostmanRuntime/7.36.0"

info: ::1 - - [15/Dec/2023:06:13:50 +0000] "POST /api/v1/users/Login HTTP/1.1" 409 78 "-" "PostmanRuntime/7.36.0"

info: ::1 - - [15/Dec/2023:06:15:03 +0000] "POST /api/v1/users/Login HTTP/1.1" 409 58 "-" "PostmanRuntime/7.36.0"

info: ::1 - - [15/Dec/2023:06:16:01 +0000] "POST /api/v1/users/Login HTTP/1.1" 409 58 "-" "PostmanRuntime/7.36.0"

info: ::1 - - [15/Dec/2023:06:17:29 +0000] "POST /api/v1/users/Login HTTP/1.1" - - "-" "PostmanRuntime/7.36.0"

info: ::1 - - [15/Dec/2023:06:17:54 +0000] "POST /api/v1/users HTTP/1.1" 500 60 "-" "PostmanRuntime/7.36.0"

info: ::1 - - [15/Dec/2023:06:18:14 +0000] "POST /api/v1/users HTTP/1.1" 500 60 "-" "PostmanRuntime/7.36.0"

info: ::1 - - [15/Dec/2023:06:20:18 +0000] "POST /api/v1/users HTTP/1.1" - - "-" "PostmanRuntime/7.36.0"

info: ::1 - - [15/Dec/2023:06:20:23 +0000] "POST /api/v1/users HTTP/1.1" - - "-" "PostmanRuntime/7.36.0"

info: ::1 - - [15/Dec/2023:06:25:35 +0000] "POST /api/v1/users HTTP/1.1" - - "-" "PostmanRuntime/7.36.0"

info: ::1 - - [15/Dec/2023:06:28:12 +0000] "POST /api/v1/users HTTP/1.1" 500 60 "-" "PostmanRuntime/7.36.0"

info: ::1 - - [15/Dec/2023:06:29:16 +0000] "POST /api/v1/users/login HTTP/1.1" - - "-" "PostmanRuntime/7.36.0"

info: ::1 - - [15/Dec/2023:06:29:54 +0000] "POST /api/v1/users/login HTTP/1.1" - - "-" "PostmanRuntime/7.36.0"

info: ::1 - - [15/Dec/2023:06:30:29 +0000] "POST /api/v1/users/login HTTP/1.1" - - "-" "PostmanRuntime/7.36.0"

info: ::1 - - [15/Dec/2023:06:30:33 +0000] "POST /api/v1/users/login HTTP/1.1" - - "-" "PostmanRuntime/7.36.0"

info: ::1 - - [15/Dec/2023:06:31:09 +0000] "POST /api/v1/users/login HTTP/1.1" - - "-" "PostmanRuntime/7.36.0"

info: ::1 - - [15/Dec/2023:06:54:05 +0000] "POST /api/v1/users/login HTTP/1.1" 401 58 "-" "PostmanRuntime/7.36.0"

info: ::1 - - [15/Dec/2023:06:56:29 +0000] "POST /api/v1/users/login HTTP/1.1" 401 58 "-" "PostmanRuntime/7.36.0"

info: ::1 - - [15/Dec/2023:07:31:44 +0000] "POST /api/v1/users/login HTTP/1.1" 401 58 "-" "PostmanRuntime/7.36.0"

info: ::1 - - [15/Dec/2023:07:47:24 +0000] "POST /api/v1/users/login HTTP/1.1" 500 60 "-" "PostmanRuntime/7.36.0"

info: ::1 - - [15/Dec/2023:07:47:43 +0000] "POST /api/v1/users/login HTTP/1.1" 500 60 "-" "PostmanRuntime/7.36.0"

info: ::1 - - [15/Dec/2023:07:48:03 +0000] "POST /api/v1/users/login HTTP/1.1" 500 60 "-" "PostmanRuntime/7.36.0"

info: ::1 - - [15/Dec/2023:07:48:13 +0000] "POST /api/v1/users/login HTTP/1.1" 500 60 "-" "PostmanRuntime/7.36.0"

info: ::1 - - [15/Dec/2023:07:50:01 +0000] "POST /api/v1/users/login HTTP/1.1" 500 60 "-" "PostmanRuntime/7.36.0"

info: ::1 - - [15/Dec/2023:08:40:09 +0000] "POST /api/v1/users/login HTTP/1.1" 500 60 "-" "PostmanRuntime/7.36.0"

info: ::1 - - [15/Dec/2023:08:40:50 +0000] "POST /api/v1/users/login HTTP/1.1" 500 60 "-" "PostmanRuntime/7.36.0"

info: ::1 - - [15/Dec/2023:08:41:02 +0000] "POST /api/v1/users/login HTTP/1.1" 500 60 "-" "PostmanRuntime/7.36.0"

info: ::1 - - [15/Dec/2023:08:41:38 +0000] "POST /api/v1/users/login HTTP/1.1" 500 60 "-" "PostmanRuntime/7.36.0"

info: ::1 - - [15/Dec/2023:08:44:45 +0000] "POST /api/v1/users/login HTTP/1.1" 500 60 "-" "PostmanRuntime/7.36.0"

info: ::1 - - [15/Dec/2023:08:47:44 +0000] "POST /api/v1/users/login HTTP/1.1" 401 58 "-" "PostmanRuntime/7.36.0"

info: ::1 - - [15/Dec/2023:08:50:06 +0000] "POST /api/v1/users/login HTTP/1.1" 401 58 "-" "PostmanRuntime/7.36.0"

info: ::1 - - [15/Dec/2023:08:50:33 +0000] "POST /api/v1/users/login HTTP/1.1" 401 58 "-" "PostmanRuntime/7.36.0"

info: ::1 - - [15/Dec/2023:08:51:08 +0000] "POST /api/v1/users/login HTTP/1.1" 401 58 "-" "PostmanRuntime/7.36.0"

info: ::1 - - [15/Dec/2023:08:52:46 +0000] "POST /api/v1/users/login HTTP/1.1" 401 58 "-" "PostmanRuntime/7.36.0"

info: ::1 - - [15/Dec/2023:08:53:28 +0000] "POST /api/v1/users/login HTTP/1.1" 401 58 "-" "PostmanRuntime/7.36.0"

info: ::1 - - [15/Dec/2023:08:53:49 +0000] "POST /api/v1/users/login HTTP/1.1" 401 58 "-" "PostmanRuntime/7.36.0"

info: ::1 - - [15/Dec/2023:08:54:52 +0000] "POST /api/v1/users/login HTTP/1.1" 401 58 "-" "PostmanRuntime/7.36.0"

info: ::1 - - [15/Dec/2023:08:55:30 +0000] "POST /api/v1/users/login HTTP/1.1" 401 58 "-" "PostmanRuntime/7.36.0"

info: ::1 - - [15/Dec/2023:08:55:53 +0000] "POST /api/v1/users/login HTTP/1.1" 401 58 "-" "PostmanRuntime/7.36.0"

info: ::1 - - [15/Dec/2023:08:56:20 +0000] "POST /api/v1/users/login HTTP/1.1" 401 58 "-" "PostmanRuntime/7.36.0"

info: ::1 - - [15/Dec/2023:08:56:40 +0000] "POST /api/v1/users/login HTTP/1.1" 201 205 "-" "PostmanRuntime/7.36.0"

info: ::1 - - [15/Dec/2023:08:56:57 +0000] "POST /api/v1/users/login HTTP/1.1" 201 205 "-" "PostmanRuntime/7.36.0"

info: ::1 - - [15/Dec/2023:08:56:59 +0000] "POST /api/v1/users/login HTTP/1.1" 201 205 "-" "PostmanRuntime/7.36.0"

info: ::1 - - [15/Dec/2023:08:57:01 +0000] "POST /api/v1/users/login HTTP/1.1" 201 205 "-" "PostmanRuntime/7.36.0"

info: ::1 - - [15/Dec/2023:08:58:16 +0000] "POST /api/v1/users/login HTTP/1.1" 201 51 "-" "PostmanRuntime/7.36.0"

info: ::1 - - [15/Dec/2023:08:58:30 +0000] "POST /api/v1/users/login HTTP/1.1" 401 58 "-" "PostmanRuntime/7.36.0"

info: ::1 - - [15/Dec/2023:09:01:26 +0000] "POST /api/v1/users/login HTTP/1.1" 401 58 "-" "PostmanRuntime/7.36.0"

info: ::1 - - [15/Dec/2023:09:01:28 +0000] "POST /api/v1/users/login HTTP/1.1" 401 58 "-" "PostmanRuntime/7.36.0"

info: ::1 - - [15/Dec/2023:09:02:33 +0000] "POST /api/v1/users/login HTTP/1.1" 401 12 "-" "PostmanRuntime/7.36.0"

info: ::1 - - [15/Dec/2023:09:03:52 +0000] "POST /api/v1/users/login HTTP/1.1" 401 12 "-" "PostmanRuntime/7.36.0"

info: ::1 - - [15/Dec/2023:09:04:32 +0000] "POST /api/v1/users/login HTTP/1.1" 401 12 "-" "PostmanRuntime/7.36.0"

info: ::1 - - [15/Dec/2023:09:04:52 +0000] "POST /api/v1/users/login HTTP/1.1" 401 12 "-" "PostmanRuntime/7.36.0"

info: ::1 - - [15/Dec/2023:09:05:13 +0000] "POST /api/v1/users/login HTTP/1.1" 401 12 "-" "PostmanRuntime/7.36.0"

info: ::1 - - [15/Dec/2023:09:05:39 +0000] "POST /api/v1/users/login HTTP/1.1" 401 12 "-" "PostmanRuntime/7.36.0"

info: ::1 - - [15/Dec/2023:09:06:08 +0000] "POST /api/v1/users/login HTTP/1.1" 401 12 "-" "PostmanRuntime/7.36.0"

info: ::1 - - [15/Dec/2023:09:07:00 +0000] "POST /api/v1/users/login HTTP/1.1" 401 12 "-" "PostmanRuntime/7.36.0"

info: ::1 - - [15/Dec/2023:09:07:46 +0000] "POST /api/v1/users/login HTTP/1.1" 401 12 "-" "PostmanRuntime/7.36.0"

info: ::1 - - [15/Dec/2023:09:08:30 +0000] "POST /api/v1/users/login HTTP/1.1" 401 12 "-" "PostmanRuntime/7.36.0"

info: ::1 - - [15/Dec/2023:09:15:25 +0000] "POST /api/v1/users/login HTTP/1.1" 401 68 "-" "PostmanRuntime/7.36.0"

info: ::1 - - [15/Dec/2023:09:15:38 +0000] "POST /api/v1/users/login HTTP/1.1" 401 44 "-" "PostmanRuntime/7.36.0"

info: ::1 - - [15/Dec/2023:09:15:44 +0000] "POST /api/v1/users/login HTTP/1.1" 201 49 "-" "PostmanRuntime/7.36.0"

info: ::1 - - [15/Dec/2023:09:55:09 +0000] "POST /api/v1/users HTTP/1.1" 500 60 "-" "PostmanRuntime/7.36.0"

info: ::1 - - [15/Dec/2023:09:55:20 +0000] "POST /api/v1/users HTTP/1.1" 500 60 "-" "PostmanRuntime/7.36.0"

info: ::1 - - [15/Dec/2023:09:55:36 +0000] "POST /api/v1/users HTTP/1.1" 400 78 "-" "PostmanRuntime/7.36.0"

info: ::1 - - [15/Dec/2023:09:55:55 +0000] "POST /api/v1/users HTTP/1.1" 400 78 "-" "PostmanRuntime/7.36.0"

info: ::1 - - [15/Dec/2023:09:58:26 +0000] "POST /api/v1/users HTTP/1.1" 400 78 "-" "PostmanRuntime/7.36.0"

info: ::1 - - [15/Dec/2023:10:00:17 +0000] "POST /api/v1/users HTTP/1.1" 400 78 "-" "PostmanRuntime/7.36.0"

info: ::1 - - [15/Dec/2023:10:00:46 +0000] "POST /api/v1/users HTTP/1.1" 400 78 "-" "PostmanRuntime/7.36.0"

info: ::1 - - [15/Dec/2023:10:01:11 +0000] "POST /api/v1/users HTTP/1.1" 400 78 "-" "PostmanRuntime/7.36.0"

info: ::1 - - [15/Dec/2023:10:01:45 +0000] "POST /api/v1/users HTTP/1.1" 400 78 "-" "PostmanRuntime/7.36.0"

info: ::1 - - [15/Dec/2023:10:02:09 +0000] "POST /api/v1/users HTTP/1.1" 400 78 "-" "PostmanRuntime/7.36.0"

info: ::1 - - [15/Dec/2023:10:02:58 +0000] "POST /api/v1/users HTTP/1.1" - - "-" "PostmanRuntime/7.36.0"

info: ::1 - - [15/Dec/2023:10:03:35 +0000] "POST /api/v1/users HTTP/1.1" - - "-" "PostmanRuntime/7.36.0"

info: ::1 - - [15/Dec/2023:10:05:21 +0000] "POST /api/v1/users HTTP/1.1" - - "-" "PostmanRuntime/7.36.0"

info: ::1 - - [15/Dec/2023:10:07:33 +0000] "POST /api/v1/users HTTP/1.1" - - "-" "PostmanRuntime/7.36.0"

info: ::1 - - [15/Dec/2023:10:08:14 +0000] "POST /api/v1/users HTTP/1.1" - - "-" "PostmanRuntime/7.36.0"

info: ::1 - - [15/Dec/2023:10:11:26 +0000] "POST /api/v1/users HTTP/1.1" - - "-" "PostmanRuntime/7.36.0"

info: ::1 - - [15/Dec/2023:10:12:03 +0000] "POST /api/v1/users HTTP/1.1" 400 78 "-" "PostmanRuntime/7.36.0"

info: ::1 - - [15/Dec/2023:10:13:04 +0000] "POST /api/v1/users HTTP/1.1" 400 78 "-" "PostmanRuntime/7.36.0"

info: ::1 - - [15/Dec/2023:10:13:17 +0000] "POST /api/v1/users HTTP/1.1" 400 78 "-" "PostmanRuntime/7.36.0"

info: ::1 - - [15/Dec/2023:10:13:46 +0000] "POST /api/v1/users HTTP/1.1" 400 78 "-" "PostmanRuntime/7.36.0"

info: ::1 - - [15/Dec/2023:10:14:25 +0000] "POST /api/v1/users HTTP/1.1" 400 78 "-" "PostmanRuntime/7.36.0"

info: ::1 - - [15/Dec/2023:10:14:45 +0000] "POST /api/v1/users HTTP/1.1" 400 78 "-" "PostmanRuntime/7.36.0"

info: ::1 - - [15/Dec/2023:10:15:26 +0000] "POST /api/v1/users HTTP/1.1" 400 78 "-" "PostmanRuntime/7.36.0"

info: ::1 - - [15/Dec/2023:10:16:17 +0000] "POST /api/v1/users HTTP/1.1" 400 78 "-" "PostmanRuntime/7.36.0"

info: ::1 - - [15/Dec/2023:10:16:34 +0000] "POST /api/v1/users HTTP/1.1" 201 211 "-" "PostmanRuntime/7.36.0"

info: ::1 - - [15/Dec/2023:10:16:40 +0000] "POST /api/v1/users HTTP/1.1" 201 67 "-" "PostmanRuntime/7.36.0"

info: ::1 - - [15/Dec/2023:10:17:07 +0000] "POST /api/v1/users HTTP/1.1" 201 67 "-" "PostmanRuntime/7.36.0"

info: ::1 - - [15/Dec/2023:10:17:10 +0000] "POST /api/v1/users HTTP/1.1" 201 67 "-" "PostmanRuntime/7.36.0"

info: ::1 - - [15/Dec/2023:10:17:28 +0000] "POST /api/v1/users HTTP/1.1" 400 78 "-" "PostmanRuntime/7.36.0"

info: ::1 - - [15/Dec/2023:10:19:19 +0000] "POST /api/v1/users HTTP/1.1" 400 78 "-" "PostmanRuntime/7.36.0"

info: ::1 - - [15/Dec/2023:10:19:27 +0000] "POST /api/v1/users HTTP/1.1" 400 78 "-" "PostmanRuntime/7.36.0"

info: ::1 - - [15/Dec/2023:10:21:57 +0000] "POST /api/v1/users HTTP/1.1" 400 97 "-" "PostmanRuntime/7.36.0"

info: ::1 - - [15/Dec/2023:10:22:36 +0000] "POST /api/v1/users HTTP/1.1" 500 90 "-" "PostmanRuntime/7.36.0"

info: ::1 - - [15/Dec/2023:10:22:44 +0000] "POST /api/v1/users HTTP/1.1" 500 74 "-" "PostmanRuntime/7.36.0"

info: ::1 - - [15/Dec/2023:10:22:52 +0000] "POST /api/v1/users HTTP/1.1" 400 97 "-" "PostmanRuntime/7.36.0"

info: ::1 - - [15/Dec/2023:10:24:10 +0000] "POST /api/v1/users HTTP/1.1" 400 97 "-" "PostmanRuntime/7.36.0"

info: ::1 - - [15/Dec/2023:10:26:48 +0000] "POST /api/v1/users HTTP/1.1" 400 97 "-" "PostmanRuntime/7.36.0"

info: ::1 - - [15/Dec/2023:10:27:45 +0000] "POST /api/v1/users HTTP/1.1" 400 97 "-" "PostmanRuntime/7.36.0"

info: ::1 - - [15/Dec/2023:10:27:57 +0000] "POST /api/v1/users HTTP/1.1" 400 97 "-" "PostmanRuntime/7.36.0"

info: ::1 - - [15/Dec/2023:10:29:13 +0000] "POST /api/v1/users HTTP/1.1" 400 97 "-" "PostmanRuntime/7.36.0"

info: ::1 - - [15/Dec/2023:10:29:32 +0000] "POST /api/v1/users HTTP/1.1" 400 97 "-" "PostmanRuntime/7.36.0"

info: ::1 - - [15/Dec/2023:10:31:25 +0000] "POST /api/v1/users HTTP/1.1" 400 97 "-" "PostmanRuntime/7.36.0"

info: ::1 - - [15/Dec/2023:10:32:41 +0000] "POST /api/v1/users HTTP/1.1" 400 97 "-" "PostmanRuntime/7.36.0"

info: ::1 - - [15/Dec/2023:10:37:53 +0000] "POST /api/v1/users HTTP/1.1" 201 265 "-" "PostmanRuntime/7.36.0"

info: ::1 - - [15/Dec/2023:10:38:17 +0000] "POST /api/v1/users HTTP/1.1" 201 263 "-" "PostmanRuntime/7.36.0"

info: ::1 - - [15/Dec/2023:10:38:22 +0000] "POST /api/v1/users HTTP/1.1" 201 67 "-" "PostmanRuntime/7.36.0"

info: ::1 - - [15/Dec/2023:10:38:46 +0000] "POST /api/v1/users HTTP/1.1" 201 67 "-" "PostmanRuntime/7.36.0"

info: ::1 - - [15/Dec/2023:10:39:15 +0000] "POST /api/v1/users HTTP/1.1" 400 97 "-" "PostmanRuntime/7.36.0"

info: ::1 - - [15/Dec/2023:10:39:34 +0000] "POST /api/v1/users HTTP/1.1" 400 97 "-" "PostmanRuntime/7.36.0"

info: ::1 - - [15/Dec/2023:10:39:39 +0000] "POST /api/v1/users HTTP/1.1" 400 97 "-" "PostmanRuntime/7.36.0"

info: ::1 - - [15/Dec/2023:10:39:56 +0000] "POST /api/v1/users HTTP/1.1" 400 97 "-" "PostmanRuntime/7.36.0"

info: ::1 - - [15/Dec/2023:10:40:42 +0000] "POST /api/v1/users/login HTTP/1.1" 401 44 "-" "PostmanRuntime/7.36.0"

info: ::1 - - [15/Dec/2023:10:48:58 +0000] "POST /api/v1/users/login HTTP/1.1" 401 43 "-" "PostmanRuntime/7.36.0"

info: ::1 - - [15/Dec/2023:10:51:00 +0000] "POST /api/v1/users/login HTTP/1.1" 401 77 "-" "PostmanRuntime/7.36.0"

info: ::1 - - [15/Dec/2023:10:55:37 +0000] "POST /api/v1/users/login HTTP/1.1" 401 77 "-" "PostmanRuntime/7.36.0"

info: ::1 - - [15/Dec/2023:11:00:09 +0000] "POST /api/v1/users/login HTTP/1.1" 401 77 "-" "PostmanRuntime/7.36.0"

info: ::1 - - [15/Dec/2023:11:00:30 +0000] "POST /api/v1/users/login HTTP/1.1" 401 77 "-" "PostmanRuntime/7.36.0"

info: ::1 - - [15/Dec/2023:11:00:53 +0000] "POST /api/v1/users/login HTTP/1.1" 500 46 "-" "PostmanRuntime/7.36.0"

info: ::1 - - [15/Dec/2023:11:01:41 +0000] "POST /api/v1/users/login HTTP/1.1" 500 46 "-" "PostmanRuntime/7.36.0"

